  [1m[36m (177.2ms)[0m  [1mCREATE TABLE "schema_migrations" ("version" varchar(255) NOT NULL) [0m
  [1m[35m (0.2ms)[0m  select sqlite_version(*)
  [1m[36m (155.1ms)[0m  [1mCREATE UNIQUE INDEX "unique_schema_migrations" ON "schema_migrations" ("version")[0m
  [1m[35mActiveRecord::SchemaMigration Load (0.2ms)[0m  SELECT "schema_migrations".* FROM "schema_migrations"
Migrating to CreateProducts (20141020161256)
  [1m[36m (0.2ms)[0m  [1mbegin transaction[0m
  [1m[35m (0.7ms)[0m  CREATE TABLE "products" ("id" INTEGER PRIMARY KEY AUTOINCREMENT NOT NULL, "title" varchar(255), "desc" text, "price" integer, "category" varchar(255), "created_at" datetime, "updated_at" datetime) 
  [1m[36mSQL (0.2ms)[0m  [1mINSERT INTO "schema_migrations" ("version") VALUES (?)[0m  [["version", "20141020161256"]]
  [1m[35m (185.0ms)[0m  commit transaction
  [1m[36mActiveRecord::SchemaMigration Load (0.2ms)[0m  [1mSELECT "schema_migrations".* FROM "schema_migrations"[0m


Started GET "/" for 127.0.0.1 at 2014-10-20 21:43:37 +0530
  [1m[36mActiveRecord::SchemaMigration Load (0.1ms)[0m  [1mSELECT "schema_migrations".* FROM "schema_migrations"[0m
Processing by Rails::WelcomeController#index as HTML
  Rendered /home/nithin/.rvm/gems/ruby-2.1.0@global/gems/railties-4.1.0.rc1/lib/rails/templates/rails/welcome/index.html.erb (1.5ms)
Completed 200 OK in 26ms (Views: 7.0ms | ActiveRecord: 0.0ms)


Started GET "/products" for 127.0.0.1 at 2014-10-20 21:43:43 +0530
Processing by ProductsController#index as HTML
  [1m[35mProduct Load (0.3ms)[0m  SELECT "products".* FROM "products"
  Rendered products/index.html.erb within layouts/application (2.9ms)
Completed 200 OK in 473ms (Views: 468.8ms | ActiveRecord: 0.3ms)


Started GET "/assets/products.css?body=1" for 127.0.0.1 at 2014-10-20 21:43:44 +0530


Started GET "/assets/scaffolds.css?body=1" for 127.0.0.1 at 2014-10-20 21:43:44 +0530


Started GET "/assets/jquery_ujs.js?body=1" for 127.0.0.1 at 2014-10-20 21:43:44 +0530


Started GET "/assets/jquery.js?body=1" for 127.0.0.1 at 2014-10-20 21:43:44 +0530


Started GET "/assets/application.css?body=1" for 127.0.0.1 at 2014-10-20 21:43:44 +0530


Started GET "/assets/turbolinks.js?body=1" for 127.0.0.1 at 2014-10-20 21:43:44 +0530


Started GET "/assets/products.js?body=1" for 127.0.0.1 at 2014-10-20 21:43:44 +0530


Started GET "/assets/application.js?body=1" for 127.0.0.1 at 2014-10-20 21:43:44 +0530


Started GET "/products/new" for 127.0.0.1 at 2014-10-20 21:43:46 +0530
Processing by ProductsController#new as HTML
  Rendered products/_form.html.erb (38.2ms)
  Rendered products/new.html.erb within layouts/application (41.8ms)
Completed 200 OK in 48ms (Views: 46.4ms | ActiveRecord: 0.4ms)


Started POST "/products" for 127.0.0.1 at 2014-10-20 21:44:10 +0530
Processing by ProductsController#create as HTML
  Parameters: {"utf8"=>"✓", "authenticity_token"=>"nAepwO1/oWLr3F7hK7eNi2kLWJHIfxIHf0Uu0z0ZFpQ=", "product"=>{"title"=>"Amaze", "desc"=>"Amxed with this ", "price"=>"1222", "category"=>"Misc"}, "commit"=>"Create Product"}
  [1m[36m (0.1ms)[0m  [1mbegin transaction[0m
  [1m[35mSQL (0.4ms)[0m  INSERT INTO "products" ("category", "created_at", "desc", "price", "title", "updated_at") VALUES (?, ?, ?, ?, ?, ?)  [["category", "Misc"], ["created_at", "2014-10-20 16:14:10.406479"], ["desc", "Amxed with this "], ["price", 1222], ["title", "Amaze"], ["updated_at", "2014-10-20 16:14:10.406479"]]
  [1m[36m (308.9ms)[0m  [1mcommit transaction[0m
Redirected to http://localhost:3000/products/1
Completed 302 Found in 316ms (ActiveRecord: 309.4ms)


Started GET "/products/1" for 127.0.0.1 at 2014-10-20 21:44:10 +0530
Processing by ProductsController#show as HTML
  Parameters: {"id"=>"1"}
  [1m[35mProduct Load (0.4ms)[0m  SELECT  "products".* FROM "products"  WHERE "products"."id" = ? LIMIT 1  [["id", 1]]
  Rendered products/show.html.erb within layouts/application (1.7ms)
Completed 200 OK in 14ms (Views: 10.0ms | ActiveRecord: 0.4ms)


Started GET "/assets/products.css?body=1" for 127.0.0.1 at 2014-10-20 21:44:10 +0530


Started GET "/assets/jquery.js?body=1" for 127.0.0.1 at 2014-10-20 21:44:10 +0530


Started GET "/assets/application.css?body=1" for 127.0.0.1 at 2014-10-20 21:44:10 +0530


Started GET "/assets/turbolinks.js?body=1" for 127.0.0.1 at 2014-10-20 21:44:10 +0530


Started GET "/assets/scaffolds.css?body=1" for 127.0.0.1 at 2014-10-20 21:44:10 +0530


Started GET "/assets/jquery_ujs.js?body=1" for 127.0.0.1 at 2014-10-20 21:44:10 +0530


Started GET "/assets/products.js?body=1" for 127.0.0.1 at 2014-10-20 21:44:10 +0530


Started GET "/assets/application.js?body=1" for 127.0.0.1 at 2014-10-20 21:44:10 +0530


Started GET "/products" for 127.0.0.1 at 2014-10-20 21:44:13 +0530
Processing by ProductsController#index as HTML
  [1m[36mProduct Load (0.4ms)[0m  [1mSELECT "products".* FROM "products"[0m
  Rendered products/index.html.erb within layouts/application (4.0ms)
Completed 200 OK in 14ms (Views: 11.9ms | ActiveRecord: 0.4ms)


Started GET "/products/1/edit" for 127.0.0.1 at 2014-10-20 21:44:23 +0530
Processing by ProductsController#edit as HTML
  Parameters: {"id"=>"1"}
  [1m[35mProduct Load (0.2ms)[0m  SELECT  "products".* FROM "products"  WHERE "products"."id" = ? LIMIT 1  [["id", 1]]
  Rendered products/_form.html.erb (3.4ms)
  Rendered products/edit.html.erb within layouts/application (4.9ms)
Completed 200 OK in 12ms (Views: 9.8ms | ActiveRecord: 0.2ms)


Started GET "/products/1" for 127.0.0.1 at 2014-10-20 21:44:26 +0530
Processing by ProductsController#show as HTML
  Parameters: {"id"=>"1"}
  [1m[36mProduct Load (0.2ms)[0m  [1mSELECT  "products".* FROM "products"  WHERE "products"."id" = ? LIMIT 1[0m  [["id", 1]]
  Rendered products/show.html.erb within layouts/application (1.0ms)
Completed 200 OK in 9ms (Views: 6.3ms | ActiveRecord: 0.2ms)
  [1m[36mActiveRecord::SchemaMigration Load (0.1ms)[0m  [1mSELECT "schema_migrations".* FROM "schema_migrations"[0m
Migrating to AddAttachmentPhotoToProducts (20141020161543)
  [1m[35m (0.1ms)[0m  begin transaction
  [1m[36m (0.3ms)[0m  [1mALTER TABLE "products" ADD "photo_file_name" varchar(255)[0m
  [1m[35m (0.2ms)[0m  ALTER TABLE "products" ADD "photo_content_type" varchar(255)
  [1m[36m (0.2ms)[0m  [1mALTER TABLE "products" ADD "photo_file_size" integer[0m
  [1m[35m (0.2ms)[0m  ALTER TABLE "products" ADD "photo_updated_at" datetime
  [1m[36mSQL (0.2ms)[0m  [1mINSERT INTO "schema_migrations" ("version") VALUES (?)[0m  [["version", "20141020161543"]]
  [1m[35m (192.2ms)[0m  commit transaction
  [1m[36mActiveRecord::SchemaMigration Load (0.2ms)[0m  [1mSELECT "schema_migrations".* FROM "schema_migrations"[0m
  [1m[36mActiveRecord::SchemaMigration Load (0.1ms)[0m  [1mSELECT "schema_migrations".* FROM "schema_migrations"[0m
  [1m[35mActiveRecord::SchemaMigration Load (0.1ms)[0m  SELECT "schema_migrations".* FROM "schema_migrations"
  [1m[36mActiveRecord::SchemaMigration Load (0.1ms)[0m  [1mSELECT "schema_migrations".* FROM "schema_migrations"[0m
  [1m[35mActiveRecord::SchemaMigration Load (0.1ms)[0m  SELECT "schema_migrations".* FROM "schema_migrations"


Started GET "/products" for 127.0.0.1 at 2014-10-20 21:53:07 +0530
  [1m[36mActiveRecord::SchemaMigration Load (0.1ms)[0m  [1mSELECT "schema_migrations".* FROM "schema_migrations"[0m
Processing by ProductsController#index as HTML
  [1m[35mProduct Load (0.2ms)[0m  SELECT "products".* FROM "products"
  Rendered products/index.html.erb within layouts/application (10.5ms)
Completed 200 OK in 63ms (Views: 41.1ms | ActiveRecord: 0.5ms)


Started GET "/products/new" for 127.0.0.1 at 2014-10-20 21:53:09 +0530
Processing by ProductsController#new as HTML
  Rendered products/_form.html.erb (17.6ms)
  Rendered products/new.html.erb within layouts/application (23.4ms)
Completed 200 OK in 31ms (Views: 29.4ms | ActiveRecord: 0.0ms)


Started POST "/products" for 127.0.0.1 at 2014-10-20 21:53:54 +0530
Processing by ProductsController#create as HTML
  Parameters: {"utf8"=>"✓", "authenticity_token"=>"nAepwO1/oWLr3F7hK7eNi2kLWJHIfxIHf0Uu0z0ZFpQ=", "product"=>{"title"=>"Hyundai ", "desc"=>"Hyundai Elantra", "price"=>"200000", "category"=>"Cars", "photo"=>#<ActionDispatch::Http::UploadedFile:0x00000000cb4350 @tempfile=#<Tempfile:/tmp/RackMultipart20141020-4867-18bmnum>, @original_filename="1484372_10201490301999271_911342566_o.jpg", @content_type="image/jpeg", @headers="Content-Disposition: form-data; name=\"product[photo]\"; filename=\"1484372_10201490301999271_911342566_o.jpg\"\r\nContent-Type: image/jpeg\r\n">}, "commit"=>"Create Product"}
Command :: file -b --mime '/tmp/fd901445abfa9caddd35dc271810683420141020-4867-slbago.jpg'
Command :: identify -format '%wx%h,%[exif:orientation]' '/tmp/fd901445abfa9caddd35dc271810683420141020-4867-7p6nlz.jpg[0]' 2>/dev/null
Command :: identify -format %m '/tmp/fd901445abfa9caddd35dc271810683420141020-4867-7p6nlz.jpg[0]'
Command :: convert '/tmp/fd901445abfa9caddd35dc271810683420141020-4867-7p6nlz.jpg[0]' -auto-orient -resize "150x150>" '/tmp/fd901445abfa9caddd35dc271810683420141020-4867-7p6nlz20141020-4867-1s4lhcr'
Command :: file -b --mime '/tmp/fd901445abfa9caddd35dc271810683420141020-4867-7p6nlz20141020-4867-1s4lhcr'
  [1m[36m (0.3ms)[0m  [1mbegin transaction[0m
Command :: file -b --mime '/tmp/fd901445abfa9caddd35dc271810683420141020-4867-v3hl6q.jpg'
Binary data inserted for `string` type on column `photo_content_type`
  [1m[35mSQL (0.6ms)[0m  INSERT INTO "products" ("category", "created_at", "desc", "photo_content_type", "photo_file_name", "photo_file_size", "photo_updated_at", "price", "title", "updated_at") VALUES (?, ?, ?, ?, ?, ?, ?, ?, ?, ?)  [["category", "Cars"], ["created_at", "2014-10-20 16:23:55.158057"], ["desc", "Hyundai Elantra"], ["photo_content_type", "image/jpeg"], ["photo_file_name", "1484372_10201490301999271_911342566_o.jpg"], ["photo_file_size", 272810], ["photo_updated_at", "2014-10-20 16:23:54.532290"], ["price", 200000], ["title", "Hyundai "], ["updated_at", "2014-10-20 16:23:55.158057"]]
  [1m[36m (229.9ms)[0m  [1mcommit transaction[0m
Redirected to http://localhost:3000/products/2
Completed 302 Found in 892ms (ActiveRecord: 230.8ms)


Started GET "/products/2" for 127.0.0.1 at 2014-10-20 21:53:55 +0530
Processing by ProductsController#show as HTML
  Parameters: {"id"=>"2"}
  [1m[35mProduct Load (0.2ms)[0m  SELECT  "products".* FROM "products"  WHERE "products"."id" = ? LIMIT 1  [["id", 2]]
  Rendered products/show.html.erb within layouts/application (2.0ms)
Completed 200 OK in 12ms (Views: 7.9ms | ActiveRecord: 0.2ms)


Started GET "/assets/products.css?body=1" for 127.0.0.1 at 2014-10-20 21:53:55 +0530


Started GET "/assets/scaffolds.css?body=1" for 127.0.0.1 at 2014-10-20 21:53:55 +0530


Started GET "/assets/application.css?body=1" for 127.0.0.1 at 2014-10-20 21:53:55 +0530


Started GET "/assets/jquery_ujs.js?body=1" for 127.0.0.1 at 2014-10-20 21:53:55 +0530


Started GET "/assets/turbolinks.js?body=1" for 127.0.0.1 at 2014-10-20 21:53:55 +0530


Started GET "/assets/application.js?body=1" for 127.0.0.1 at 2014-10-20 21:53:55 +0530


Started GET "/assets/jquery.js?body=1" for 127.0.0.1 at 2014-10-20 21:53:55 +0530


Started GET "/assets/products.js?body=1" for 127.0.0.1 at 2014-10-20 21:53:55 +0530


Started GET "/products/1" for 127.0.0.1 at 2014-10-20 21:54:14 +0530
Processing by ProductsController#show as HTML
  Parameters: {"id"=>"1"}
  [1m[36mProduct Load (0.1ms)[0m  [1mSELECT  "products".* FROM "products"  WHERE "products"."id" = ? LIMIT 1[0m  [["id", 1]]
  Rendered products/show.html.erb within layouts/application (2.4ms)
Completed 200 OK in 12ms (Views: 10.4ms | ActiveRecord: 0.1ms)


Started GET "/assets/products.css?body=1" for 127.0.0.1 at 2014-10-20 21:54:14 +0530


Started GET "/assets/scaffolds.css?body=1" for 127.0.0.1 at 2014-10-20 21:54:14 +0530


Started GET "/assets/jquery.js?body=1" for 127.0.0.1 at 2014-10-20 21:54:14 +0530


Started GET "/assets/jquery_ujs.js?body=1" for 127.0.0.1 at 2014-10-20 21:54:14 +0530


Started GET "/assets/application.css?body=1" for 127.0.0.1 at 2014-10-20 21:54:14 +0530


Started GET "/assets/turbolinks.js?body=1" for 127.0.0.1 at 2014-10-20 21:54:14 +0530


Started GET "/assets/products.js?body=1" for 127.0.0.1 at 2014-10-20 21:54:14 +0530


Started GET "/assets/application.js?body=1" for 127.0.0.1 at 2014-10-20 21:54:14 +0530


Started GET "/photos/small/missing.png" for 127.0.0.1 at 2014-10-20 21:54:14 +0530

ActionController::RoutingError (No route matches [GET] "/photos/small/missing.png"):
  actionpack (4.1.0.rc1) lib/action_dispatch/middleware/debug_exceptions.rb:21:in `call'
  actionpack (4.1.0.rc1) lib/action_dispatch/middleware/show_exceptions.rb:30:in `call'
  railties (4.1.0.rc1) lib/rails/rack/logger.rb:38:in `call_app'
  railties (4.1.0.rc1) lib/rails/rack/logger.rb:20:in `block in call'
  activesupport (4.1.0.rc1) lib/active_support/tagged_logging.rb:68:in `block in tagged'
  activesupport (4.1.0.rc1) lib/active_support/tagged_logging.rb:26:in `tagged'
  activesupport (4.1.0.rc1) lib/active_support/tagged_logging.rb:68:in `tagged'
  railties (4.1.0.rc1) lib/rails/rack/logger.rb:20:in `call'
  actionpack (4.1.0.rc1) lib/action_dispatch/middleware/request_id.rb:21:in `call'
  rack (1.5.2) lib/rack/methodoverride.rb:21:in `call'
  rack (1.5.2) lib/rack/runtime.rb:17:in `call'
  activesupport (4.1.0.rc1) lib/active_support/cache/strategy/local_cache.rb:87:in `call'
  rack (1.5.2) lib/rack/lock.rb:17:in `call'
  actionpack (4.1.0.rc1) lib/action_dispatch/middleware/static.rb:64:in `call'
  rack (1.5.2) lib/rack/sendfile.rb:112:in `call'
  railties (4.1.0.rc1) lib/rails/engine.rb:515:in `call'
  railties (4.1.0.rc1) lib/rails/application.rb:142:in `call'
  rack (1.5.2) lib/rack/lock.rb:17:in `call'
  rack (1.5.2) lib/rack/content_length.rb:14:in `call'
  rack (1.5.2) lib/rack/handler/webrick.rb:60:in `service'
  /home/nithin/.rvm/rubies/ruby-2.1.0/lib/ruby/2.1.0/webrick/httpserver.rb:138:in `service'
  /home/nithin/.rvm/rubies/ruby-2.1.0/lib/ruby/2.1.0/webrick/httpserver.rb:94:in `run'
  /home/nithin/.rvm/rubies/ruby-2.1.0/lib/ruby/2.1.0/webrick/server.rb:295:in `block in start_thread'


  Rendered /home/nithin/.rvm/gems/ruby-2.1.0@global/gems/actionpack-4.1.0.rc1/lib/action_dispatch/middleware/templates/rescues/_trace.html.erb (2.5ms)
  Rendered /home/nithin/.rvm/gems/ruby-2.1.0@global/gems/actionpack-4.1.0.rc1/lib/action_dispatch/middleware/templates/routes/_route.html.erb (1.6ms)
  Rendered /home/nithin/.rvm/gems/ruby-2.1.0@global/gems/actionpack-4.1.0.rc1/lib/action_dispatch/middleware/templates/routes/_table.html.erb (2.4ms)
  Rendered /home/nithin/.rvm/gems/ruby-2.1.0@global/gems/actionpack-4.1.0.rc1/lib/action_dispatch/middleware/templates/rescues/routing_error.html.erb within rescues/layout (32.0ms)


Started GET "/products" for 127.0.0.1 at 2014-10-20 21:57:57 +0530
Processing by ProductsController#index as HTML
  [1m[35mProduct Load (0.2ms)[0m  SELECT "products".* FROM "products"
  Rendered products/index.html.erb within layouts/application (2.0ms)
Completed 200 OK in 7ms (Views: 5.9ms | ActiveRecord: 0.2ms)


Started GET "/products/new" for 127.0.0.1 at 2014-10-20 21:58:06 +0530
Processing by ProductsController#new as HTML
  Rendered products/_form.html.erb (6.5ms)
  Rendered products/new.html.erb within layouts/application (7.9ms)
Completed 200 OK in 15ms (Views: 13.4ms | ActiveRecord: 0.0ms)


Started POST "/products" for 127.0.0.1 at 2014-10-20 21:58:08 +0530
Processing by ProductsController#create as HTML
  Parameters: {"utf8"=>"✓", "authenticity_token"=>"nAepwO1/oWLr3F7hK7eNi2kLWJHIfxIHf0Uu0z0ZFpQ=", "product"=>{"title"=>"", "desc"=>"", "price"=>"", "category"=>""}, "commit"=>"Create Product"}
  [1m[36m (0.1ms)[0m  [1mbegin transaction[0m
  [1m[35m (0.2ms)[0m  rollback transaction
  Rendered products/_form.html.erb (5.6ms)
  Rendered products/new.html.erb within layouts/application (7.6ms)
Completed 200 OK in 16ms (Views: 11.9ms | ActiveRecord: 0.3ms)


Started GET "/assets/products.css?body=1" for 127.0.0.1 at 2014-10-20 21:58:08 +0530


Started GET "/assets/scaffolds.css?body=1" for 127.0.0.1 at 2014-10-20 21:58:08 +0530


Started GET "/assets/turbolinks.js?body=1" for 127.0.0.1 at 2014-10-20 21:58:08 +0530


Started GET "/assets/jquery.js?body=1" for 127.0.0.1 at 2014-10-20 21:58:08 +0530


Started GET "/assets/application.css?body=1" for 127.0.0.1 at 2014-10-20 21:58:08 +0530


Started GET "/assets/jquery_ujs.js?body=1" for 127.0.0.1 at 2014-10-20 21:58:08 +0530


Started GET "/assets/products.js?body=1" for 127.0.0.1 at 2014-10-20 21:58:08 +0530


Started GET "/assets/application.js?body=1" for 127.0.0.1 at 2014-10-20 21:58:08 +0530


Started GET "/" for 127.0.0.1 at 2014-10-20 22:33:12 +0530
  [1m[36mActiveRecord::SchemaMigration Load (0.2ms)[0m  [1mSELECT "schema_migrations".* FROM "schema_migrations"[0m
Processing by Rails::WelcomeController#index as HTML
  Rendered /home/nithin/.rvm/gems/ruby-2.1.0@global/gems/railties-4.1.0.rc1/lib/rails/templates/rails/welcome/index.html.erb (1.8ms)
Completed 200 OK in 104ms (Views: 59.7ms | ActiveRecord: 0.0ms)


Started GET "/producst" for 127.0.0.1 at 2014-10-20 22:33:23 +0530

ActionController::RoutingError (No route matches [GET] "/producst"):
  actionpack (4.1.0.rc1) lib/action_dispatch/middleware/debug_exceptions.rb:21:in `call'
  actionpack (4.1.0.rc1) lib/action_dispatch/middleware/show_exceptions.rb:30:in `call'
  railties (4.1.0.rc1) lib/rails/rack/logger.rb:38:in `call_app'
  railties (4.1.0.rc1) lib/rails/rack/logger.rb:20:in `block in call'
  activesupport (4.1.0.rc1) lib/active_support/tagged_logging.rb:68:in `block in tagged'
  activesupport (4.1.0.rc1) lib/active_support/tagged_logging.rb:26:in `tagged'
  activesupport (4.1.0.rc1) lib/active_support/tagged_logging.rb:68:in `tagged'
  railties (4.1.0.rc1) lib/rails/rack/logger.rb:20:in `call'
  actionpack (4.1.0.rc1) lib/action_dispatch/middleware/request_id.rb:21:in `call'
  rack (1.5.2) lib/rack/methodoverride.rb:21:in `call'
  rack (1.5.2) lib/rack/runtime.rb:17:in `call'
  activesupport (4.1.0.rc1) lib/active_support/cache/strategy/local_cache.rb:87:in `call'
  rack (1.5.2) lib/rack/lock.rb:17:in `call'
  actionpack (4.1.0.rc1) lib/action_dispatch/middleware/static.rb:64:in `call'
  rack (1.5.2) lib/rack/sendfile.rb:112:in `call'
  railties (4.1.0.rc1) lib/rails/engine.rb:515:in `call'
  railties (4.1.0.rc1) lib/rails/application.rb:142:in `call'
  rack (1.5.2) lib/rack/lock.rb:17:in `call'
  rack (1.5.2) lib/rack/content_length.rb:14:in `call'
  rack (1.5.2) lib/rack/handler/webrick.rb:60:in `service'
  /home/nithin/.rvm/rubies/ruby-2.1.0/lib/ruby/2.1.0/webrick/httpserver.rb:138:in `service'
  /home/nithin/.rvm/rubies/ruby-2.1.0/lib/ruby/2.1.0/webrick/httpserver.rb:94:in `run'
  /home/nithin/.rvm/rubies/ruby-2.1.0/lib/ruby/2.1.0/webrick/server.rb:295:in `block in start_thread'


  Rendered /home/nithin/.rvm/gems/ruby-2.1.0@global/gems/actionpack-4.1.0.rc1/lib/action_dispatch/middleware/templates/rescues/_trace.html.erb (2.3ms)
  Rendered /home/nithin/.rvm/gems/ruby-2.1.0@global/gems/actionpack-4.1.0.rc1/lib/action_dispatch/middleware/templates/routes/_route.html.erb (1.4ms)
  Rendered /home/nithin/.rvm/gems/ruby-2.1.0@global/gems/actionpack-4.1.0.rc1/lib/action_dispatch/middleware/templates/routes/_table.html.erb (21.5ms)
  Rendered /home/nithin/.rvm/gems/ruby-2.1.0@global/gems/actionpack-4.1.0.rc1/lib/action_dispatch/middleware/templates/rescues/routing_error.html.erb within rescues/layout (99.6ms)


Started GET "/products" for 127.0.0.1 at 2014-10-20 22:33:27 +0530
Processing by ProductsController#index as HTML
  [1m[35mProduct Load (0.2ms)[0m  SELECT "products".* FROM "products"
  Rendered products/index.html.erb within layouts/application (15.4ms)
Completed 200 OK in 304ms (Views: 251.5ms | ActiveRecord: 0.6ms)


Started GET "/assets/scaffolds.css?body=1" for 127.0.0.1 at 2014-10-20 22:33:27 +0530


Started GET "/assets/products.css?body=1" for 127.0.0.1 at 2014-10-20 22:33:27 +0530


Started GET "/assets/jquery.js?body=1" for 127.0.0.1 at 2014-10-20 22:33:27 +0530


Started GET "/assets/jquery_ujs.js?body=1" for 127.0.0.1 at 2014-10-20 22:33:27 +0530


Started GET "/assets/turbolinks.js?body=1" for 127.0.0.1 at 2014-10-20 22:33:27 +0530


Started GET "/assets/application.css?body=1" for 127.0.0.1 at 2014-10-20 22:33:27 +0530


Started GET "/assets/products.js?body=1" for 127.0.0.1 at 2014-10-20 22:33:28 +0530


Started GET "/assets/application.js?body=1" for 127.0.0.1 at 2014-10-20 22:33:28 +0530


Started GET "/products/2" for 127.0.0.1 at 2014-10-20 22:33:33 +0530
Processing by ProductsController#show as HTML
  Parameters: {"id"=>"2"}
  [1m[36mProduct Load (0.4ms)[0m  [1mSELECT  "products".* FROM "products"  WHERE "products"."id" = ? LIMIT 1[0m  [["id", 2]]
  Rendered products/show.html.erb within layouts/application (2.0ms)
Completed 200 OK in 51ms (Views: 47.4ms | ActiveRecord: 0.4ms)
